<?xml version="1.0" encoding="UTF-8"?>
<!-- Generated by org.testng.reporters.JUnitXMLReporter -->
<testsuite hostname="DESKTOP-955TIBR" name="Test1" tests="3" failures="1" timestamp="15 May 2020 00:25:34 GMT" time="39.352" errors="0">
  <testcase name="CheckProductEdition" time="11.565" classname="com.TestNgActiTime.script.TestProductEdition"/>
  <testcase name="CheckIssueDate" time="11.626" classname="com.TestNgActiTime.script.TestIssueDate"/>
  <testcase name="testLoginPage" time="14.091" classname="com.TestNgActiTime.script.TestValidLoginPage">
    <failure type="java.lang.AssertionError" message="expected [actiTIME - Enter Time-Track] but found [actiTIME - Login]">
      <![CDATA[java.lang.AssertionError: expected [actiTIME - Enter Time-Track] but found [actiTIME - Login]
	at com.TestNgActiTime.generics.FUtils.verifyPage(FUtils.java:12)
	at com.TestNgActiTime.script.TestValidLoginPage.testLoginPage(TestValidLoginPage.java:19)
	at java.util.concurrent.ThreadPoolExecutor.runWorker(Unknown Source)
	at java.util.concurrent.ThreadPoolExecutor$Worker.run(Unknown Source)
	at java.lang.Thread.run(Unknown Source)
... Removed 16 stack frames]]>
    </failure>
  </testcase> <!-- testLoginPage -->
</testsuite> <!-- Test1 -->
